<?xml version="1.0" encoding="UTF-8"?>
<testng-results skipped="0" failed="0" ignored="0" total="1" passed="1">
  <reporter-output>
  </reporter-output>
  <suite name="Success Application Suite" duration-ms="47" started-at="2021-06-15T06:46:57Z" finished-at="2021-06-15T06:46:57Z">
    <groups>
    </groups>
    <test name="Create Task test case" duration-ms="47" started-at="2021-06-15T06:46:57Z" finished-at="2021-06-15T06:46:57Z">
      <class name="testcase_success.Test_Task_create">
        <test-method status="PASS" signature="launchbrowser()[pri:0, instance:testcase_success.Test_Task_create@7dc7cbad]" name="launchbrowser" is-config="true" duration-ms="37815" started-at="2021-06-15T06:46:19Z" finished-at="2021-06-15T06:46:57Z">
          <reporter-output>
          </reporter-output>
        </test-method> <!-- launchbrowser -->
        <test-method status="PASS" signature="createtask()[pri:0, instance:testcase_success.Test_Task_create@7dc7cbad]" name="createtask" duration-ms="15" started-at="2021-06-15T06:46:57Z" finished-at="2021-06-15T06:46:57Z">
          <reporter-output>
          </reporter-output>
        </test-method> <!-- createtask -->
        <test-method status="PASS" signature="endbrowser()[pri:0, instance:testcase_success.Test_Task_create@7dc7cbad]" name="endbrowser" is-config="true" duration-ms="0" started-at="2021-06-15T06:46:57Z" finished-at="2021-06-15T06:46:57Z">
          <reporter-output>
          </reporter-output>
        </test-method> <!-- endbrowser -->
      </class> <!-- testcase_success.Test_Task_create -->
    </test> <!-- Create Task test case -->
  </suite> <!-- Success Application Suite -->
</testng-results>
