<?xml version="1.0" encoding="UTF-8"?>
<!-- Generated by org.testng.reporters.JUnitXMLReporter -->
<testsuite hostname="DESKTOP-4SQ87FT" ignored="0" name="Create Task test case" tests="1" failures="0" timestamp="14 Jun 2021 16:42:30 GMT" time="0.048" errors="0">
  <testcase name="@BeforeSuite launchbrowser" time="0.02" classname="commonfunction.CommonFunctions">
    <failure type="java.io.FileNotFoundException" message="config.properties (The system cannot find the file specified)">
      <![CDATA[java.io.FileNotFoundException: config.properties (The system cannot find the file specified)
at java.io.FileInputStream.open0(Native Method)
at java.io.FileInputStream.open(Unknown Source)
at java.io.FileInputStream.<init>(Unknown Source)
at java.io.FileInputStream.<init>(Unknown Source)
at commonfunction.CommonFunctions.loadpropertyFile(CommonFunctions.java:23)
at commonfunction.CommonFunctions.launchbrowser(CommonFunctions.java:32)
... Removed 20 stack frames]]>
    </failure>
  </testcase> <!-- @BeforeSuite launchbrowser -->
  <testcase name="createtask" time="0.0" classname="testcase_success.Test_Task_create">
    <skipped/>
  </testcase> <!-- createtask -->
</testsuite> <!-- Create Task test case -->
